{"C:\\Users\\shevc\\Desktop\\PROJECTS\\pgsql-js-orm-demo\\express-server\\src\\client.ts": {"path":"C:\\Users\\shevc\\Desktop\\PROJECTS\\pgsql-js-orm-demo\\express-server\\src\\client.ts","statementMap":{"0":{"start":{"line":1,"column":0},"end":{"line":1,"column":28}},"1":{"start":{"line":2,"column":0},"end":{"line":2,"column":26}},"2":{"start":{"line":4,"column":0},"end":{"line":4,"column":35}},"3":{"start":{"line":7,"column":13},"end":{"line":13,"column":3}}},"fnMap":{},"branchMap":{},"s":{"0":0,"1":0,"2":0,"3":0},"f":{},"b":{}}
,"C:\\Users\\shevc\\Desktop\\PROJECTS\\pgsql-js-orm-demo\\express-server\\src\\formatter.ts": {"path":"C:\\Users\\shevc\\Desktop\\PROJECTS\\pgsql-js-orm-demo\\express-server\\src\\formatter.ts","statementMap":{"0":{"start":{"line":1,"column":26},"end":{"line":20,"column":1}},"1":{"start":{"line":2,"column":2},"end":{"line":4,"column":3}},"2":{"start":{"line":3,"column":4},"end":{"line":3,"column":16}},"3":{"start":{"line":6,"column":2},"end":{"line":19,"column":4}},"4":{"start":{"line":9,"column":51},"end":{"line":18,"column":6}},"5":{"start":{"line":13,"column":34},"end":{"line":16,"column":10}},"6":{"start":{"line":1,"column":13},"end":{"line":1,"column":26}}},"fnMap":{"0":{"name":"(anonymous_0)","decl":{"start":{"line":1,"column":26},"end":{"line":1,"column":27}},"loc":{"start":{"line":1,"column":40},"end":{"line":20,"column":1}}},"1":{"name":"(anonymous_1)","decl":{"start":{"line":9,"column":31},"end":{"line":9,"column":32}},"loc":{"start":{"line":9,"column":51},"end":{"line":18,"column":6}}},"2":{"name":"(anonymous_2)","decl":{"start":{"line":13,"column":8},"end":{"line":13,"column":9}},"loc":{"start":{"line":13,"column":34},"end":{"line":16,"column":10}}}},"branchMap":{"0":{"loc":{"start":{"line":2,"column":2},"end":{"line":4,"column":3}},"type":"if","locations":[{"start":{"line":2,"column":2},"end":{"line":4,"column":3}}]}},"s":{"0":6,"1":2,"2":1,"3":1,"4":2,"5":3,"6":6},"f":{"0":2,"1":2,"2":3},"b":{"0":[1]}}
,"C:\\Users\\shevc\\Desktop\\PROJECTS\\pgsql-js-orm-demo\\express-server\\src\\index.ts": {"path":"C:\\Users\\shevc\\Desktop\\PROJECTS\\pgsql-js-orm-demo\\express-server\\src\\index.ts","statementMap":{"0":{"start":{"line":1,"column":0},"end":{"line":1,"column":30}},"1":{"start":{"line":4,"column":0},"end":{"line":4,"column":50}},"2":{"start":{"line":5,"column":0},"end":{"line":5,"column":50}},"3":{"start":{"line":6,"column":0},"end":{"line":6,"column":56}},"4":{"start":{"line":9,"column":0},"end":{"line":9,"column":30}},"5":{"start":{"line":10,"column":0},"end":{"line":10,"column":68}},"6":{"start":{"line":11,"column":0},"end":{"line":11,"column":79}},"7":{"start":{"line":13,"column":12},"end":{"line":13,"column":21}},"8":{"start":{"line":15,"column":0},"end":{"line":15,"column":24}},"9":{"start":{"line":17,"column":0},"end":{"line":17,"column":76}},"10":{"start":{"line":19,"column":0},"end":{"line":19,"column":76}},"11":{"start":{"line":20,"column":0},"end":{"line":24,"column":2}},"12":{"start":{"line":26,"column":0},"end":{"line":28,"column":3}},"13":{"start":{"line":27,"column":2},"end":{"line":27,"column":28}},"14":{"start":{"line":30,"column":0},"end":{"line":33,"column":3}},"15":{"start":{"line":31,"column":2},"end":{"line":31,"column":55}},"16":{"start":{"line":32,"column":2},"end":{"line":32,"column":18}},"17":{"start":{"line":35,"column":0},"end":{"line":38,"column":3}},"18":{"start":{"line":36,"column":2},"end":{"line":36,"column":57}},"19":{"start":{"line":37,"column":2},"end":{"line":37,"column":18}},"20":{"start":{"line":40,"column":0},"end":{"line":42,"column":3}},"21":{"start":{"line":41,"column":2},"end":{"line":41,"column":40}}},"fnMap":{"0":{"name":"(anonymous_1)","decl":{"start":{"line":26,"column":13},"end":{"line":26,"column":14}},"loc":{"start":{"line":26,"column":26},"end":{"line":28,"column":1}}},"1":{"name":"(anonymous_2)","decl":{"start":{"line":30,"column":32},"end":{"line":30,"column":33}},"loc":{"start":{"line":30,"column":42},"end":{"line":33,"column":1}}},"2":{"name":"(anonymous_3)","decl":{"start":{"line":35,"column":33},"end":{"line":35,"column":34}},"loc":{"start":{"line":35,"column":53},"end":{"line":38,"column":1}}},"3":{"name":"(anonymous_4)","decl":{"start":{"line":40,"column":17},"end":{"line":40,"column":20}},"loc":{"start":{"line":40,"column":22},"end":{"line":42,"column":1}}}},"branchMap":{},"s":{"0":0,"1":0,"2":0,"3":0,"4":0,"5":0,"6":0,"7":0,"8":0,"9":0,"10":0,"11":0,"12":0,"13":0,"14":0,"15":0,"16":0,"17":0,"18":0,"19":0,"20":0,"21":0},"f":{"0":0,"1":0,"2":0,"3":0},"b":{}}
,"C:\\Users\\shevc\\Desktop\\PROJECTS\\pgsql-js-orm-demo\\express-server\\src\\logger.ts": {"path":"C:\\Users\\shevc\\Desktop\\PROJECTS\\pgsql-js-orm-demo\\express-server\\src\\logger.ts","statementMap":{"0":{"start":{"line":1,"column":0},"end":{"line":1,"column":30}},"1":{"start":{"line":3,"column":15},"end":{"line":16,"column":2}},"2":{"start":{"line":8,"column":6},"end":{"line":8,"column":49}},"3":{"start":{"line":18,"column":0},"end":{"line":18,"column":22}}},"fnMap":{"0":{"name":"(anonymous_1)","decl":{"start":{"line":7,"column":26},"end":{"line":7,"column":27}},"loc":{"start":{"line":7,"column":60},"end":{"line":9,"column":5}}}},"branchMap":{},"s":{"0":0,"1":0,"2":0,"3":0},"f":{"0":0},"b":{}}
,"C:\\Users\\shevc\\Desktop\\PROJECTS\\pgsql-js-orm-demo\\express-server\\src\\prisma-client.ts": {"path":"C:\\Users\\shevc\\Desktop\\PROJECTS\\pgsql-js-orm-demo\\express-server\\src\\prisma-client.ts","statementMap":{"0":{"start":{"line":1,"column":0},"end":{"line":1,"column":46}},"1":{"start":{"line":3,"column":15},"end":{"line":3,"column":33}},"2":{"start":{"line":5,"column":0},"end":{"line":5,"column":22}}},"fnMap":{},"branchMap":{},"s":{"0":6,"1":6,"2":6},"f":{},"b":{}}
,"C:\\Users\\shevc\\Desktop\\PROJECTS\\pgsql-js-orm-demo\\express-server\\src\\controllers\\comments\\get-comments.ts": {"path":"C:\\Users\\shevc\\Desktop\\PROJECTS\\pgsql-js-orm-demo\\express-server\\src\\controllers\\comments\\get-comments.ts","statementMap":{"0":{"start":{"line":3,"column":0},"end":{"line":3,"column":66}},"1":{"start":{"line":5,"column":27},"end":{"line":13,"column":2}},"2":{"start":{"line":5,"column":65},"end":{"line":13,"column":2}},"3":{"start":{"line":6,"column":2},"end":{"line":12,"column":3}},"4":{"start":{"line":7,"column":21},"end":{"line":7,"column":59}},"5":{"start":{"line":8,"column":4},"end":{"line":8,"column":40}},"6":{"start":{"line":10,"column":4},"end":{"line":10,"column":23}},"7":{"start":{"line":11,"column":4},"end":{"line":11,"column":50}},"8":{"start":{"line":5,"column":13},"end":{"line":5,"column":27}}},"fnMap":{"0":{"name":"(anonymous_13)","decl":{"start":{"line":5,"column":27},"end":{"line":5,"column":34}},"loc":{"start":{"line":5,"column":65},"end":{"line":13,"column":2}}},"1":{"name":"(anonymous_14)","decl":{"start":{"line":5,"column":65},"end":{"line":5,"column":null}},"loc":{"start":{"line":5,"column":65},"end":{"line":13,"column":1}}}},"branchMap":{},"s":{"0":0,"1":0,"2":0,"3":0,"4":0,"5":0,"6":0,"7":0,"8":0},"f":{"0":0,"1":0},"b":{}}
,"C:\\Users\\shevc\\Desktop\\PROJECTS\\pgsql-js-orm-demo\\express-server\\src\\controllers\\comments\\index.ts": {"path":"C:\\Users\\shevc\\Desktop\\PROJECTS\\pgsql-js-orm-demo\\express-server\\src\\controllers\\comments\\index.ts","statementMap":{"0":{"start":{"line":1,"column":0},"end":{"line":1,"column":30}},"1":{"start":{"line":2,"column":0},"end":{"line":2,"column":45}},"2":{"start":{"line":4,"column":23},"end":{"line":4,"column":39}},"3":{"start":{"line":8,"column":9},"end":{"line":8,"column":23}},"4":{"start":{"line":6,"column":0},"end":{"line":6,"column":37}}},"fnMap":{},"branchMap":{},"s":{"0":0,"1":0,"2":0,"3":0,"4":0},"f":{},"b":{}}
,"C:\\Users\\shevc\\Desktop\\PROJECTS\\pgsql-js-orm-demo\\express-server\\src\\controllers\\posts\\archive.ts": {"path":"C:\\Users\\shevc\\Desktop\\PROJECTS\\pgsql-js-orm-demo\\express-server\\src\\controllers\\posts\\archive.ts","statementMap":{"0":{"start":{"line":3,"column":0},"end":{"line":3,"column":51}},"1":{"start":{"line":5,"column":23},"end":{"line":13,"column":2}},"2":{"start":{"line":5,"column":61},"end":{"line":13,"column":2}},"3":{"start":{"line":6,"column":2},"end":{"line":12,"column":3}},"4":{"start":{"line":7,"column":19},"end":{"line":7,"column":51}},"5":{"start":{"line":8,"column":4},"end":{"line":8,"column":38}},"6":{"start":{"line":10,"column":4},"end":{"line":10,"column":23}},"7":{"start":{"line":11,"column":4},"end":{"line":11,"column":55}},"8":{"start":{"line":5,"column":13},"end":{"line":5,"column":23}}},"fnMap":{"0":{"name":"(anonymous_7)","decl":{"start":{"line":5,"column":23},"end":{"line":5,"column":30}},"loc":{"start":{"line":5,"column":61},"end":{"line":13,"column":2}}},"1":{"name":"(anonymous_8)","decl":{"start":{"line":5,"column":61},"end":{"line":5,"column":null}},"loc":{"start":{"line":5,"column":61},"end":{"line":13,"column":1}}}},"branchMap":{},"s":{"0":0,"1":0,"2":0,"3":0,"4":0,"5":0,"6":0,"7":0,"8":0},"f":{"0":0,"1":0},"b":{}}
,"C:\\Users\\shevc\\Desktop\\PROJECTS\\pgsql-js-orm-demo\\express-server\\src\\controllers\\posts\\create.ts": {"path":"C:\\Users\\shevc\\Desktop\\PROJECTS\\pgsql-js-orm-demo\\express-server\\src\\controllers\\posts\\create.ts","statementMap":{"0":{"start":{"line":3,"column":0},"end":{"line":3,"column":50}},"1":{"start":{"line":5,"column":22},"end":{"line":14,"column":2}},"2":{"start":{"line":5,"column":60},"end":{"line":14,"column":2}},"3":{"start":{"line":6,"column":2},"end":{"line":13,"column":3}},"4":{"start":{"line":7,"column":31},"end":{"line":7,"column":39}},"5":{"start":{"line":8,"column":19},"end":{"line":8,"column":60}},"6":{"start":{"line":9,"column":4},"end":{"line":9,"column":38}},"7":{"start":{"line":11,"column":4},"end":{"line":11,"column":23}},"8":{"start":{"line":12,"column":4},"end":{"line":12,"column":43}},"9":{"start":{"line":5,"column":13},"end":{"line":5,"column":22}}},"fnMap":{"0":{"name":"(anonymous_7)","decl":{"start":{"line":5,"column":22},"end":{"line":5,"column":29}},"loc":{"start":{"line":5,"column":60},"end":{"line":14,"column":2}}},"1":{"name":"(anonymous_8)","decl":{"start":{"line":5,"column":60},"end":{"line":5,"column":null}},"loc":{"start":{"line":5,"column":60},"end":{"line":14,"column":1}}}},"branchMap":{},"s":{"0":0,"1":0,"2":0,"3":0,"4":0,"5":0,"6":0,"7":0,"8":0,"9":0},"f":{"0":0,"1":0},"b":{}}
,"C:\\Users\\shevc\\Desktop\\PROJECTS\\pgsql-js-orm-demo\\express-server\\src\\controllers\\posts\\destroy.ts": {"path":"C:\\Users\\shevc\\Desktop\\PROJECTS\\pgsql-js-orm-demo\\express-server\\src\\controllers\\posts\\destroy.ts","statementMap":{"0":{"start":{"line":2,"column":0},"end":{"line":2,"column":51}},"1":{"start":{"line":4,"column":23},"end":{"line":12,"column":2}},"2":{"start":{"line":4,"column":61},"end":{"line":12,"column":2}},"3":{"start":{"line":5,"column":2},"end":{"line":11,"column":3}},"4":{"start":{"line":6,"column":19},"end":{"line":6,"column":51}},"5":{"start":{"line":7,"column":4},"end":{"line":7,"column":38}},"6":{"start":{"line":9,"column":4},"end":{"line":9,"column":23}},"7":{"start":{"line":10,"column":4},"end":{"line":10,"column":55}},"8":{"start":{"line":4,"column":13},"end":{"line":4,"column":23}}},"fnMap":{"0":{"name":"(anonymous_7)","decl":{"start":{"line":4,"column":23},"end":{"line":4,"column":30}},"loc":{"start":{"line":4,"column":61},"end":{"line":12,"column":2}}},"1":{"name":"(anonymous_8)","decl":{"start":{"line":4,"column":61},"end":{"line":4,"column":null}},"loc":{"start":{"line":4,"column":61},"end":{"line":12,"column":1}}}},"branchMap":{},"s":{"0":0,"1":0,"2":0,"3":0,"4":0,"5":0,"6":0,"7":0,"8":0},"f":{"0":0,"1":0},"b":{}}
,"C:\\Users\\shevc\\Desktop\\PROJECTS\\pgsql-js-orm-demo\\express-server\\src\\controllers\\posts\\find-one.ts": {"path":"C:\\Users\\shevc\\Desktop\\PROJECTS\\pgsql-js-orm-demo\\express-server\\src\\controllers\\posts\\find-one.ts","statementMap":{"0":{"start":{"line":3,"column":0},"end":{"line":3,"column":60}},"1":{"start":{"line":5,"column":23},"end":{"line":13,"column":2}},"2":{"start":{"line":5,"column":61},"end":{"line":13,"column":2}},"3":{"start":{"line":6,"column":2},"end":{"line":12,"column":3}},"4":{"start":{"line":7,"column":17},"end":{"line":7,"column":61}},"5":{"start":{"line":8,"column":4},"end":{"line":8,"column":36}},"6":{"start":{"line":10,"column":4},"end":{"line":10,"column":23}},"7":{"start":{"line":11,"column":4},"end":{"line":11,"column":50}},"8":{"start":{"line":5,"column":13},"end":{"line":5,"column":23}}},"fnMap":{"0":{"name":"(anonymous_13)","decl":{"start":{"line":5,"column":23},"end":{"line":5,"column":30}},"loc":{"start":{"line":5,"column":61},"end":{"line":13,"column":2}}},"1":{"name":"(anonymous_14)","decl":{"start":{"line":5,"column":61},"end":{"line":5,"column":null}},"loc":{"start":{"line":5,"column":61},"end":{"line":13,"column":1}}}},"branchMap":{},"s":{"0":0,"1":0,"2":0,"3":0,"4":0,"5":0,"6":0,"7":0,"8":0},"f":{"0":0,"1":0},"b":{}}
,"C:\\Users\\shevc\\Desktop\\PROJECTS\\pgsql-js-orm-demo\\express-server\\src\\controllers\\posts\\get-comments-by-post-id.ts": {"path":"C:\\Users\\shevc\\Desktop\\PROJECTS\\pgsql-js-orm-demo\\express-server\\src\\controllers\\posts\\get-comments-by-post-id.ts","statementMap":{"0":{"start":{"line":3,"column":0},"end":{"line":3,"column":60}},"1":{"start":{"line":5,"column":33},"end":{"line":15,"column":2}},"2":{"start":{"line":5,"column":71},"end":{"line":15,"column":2}},"3":{"start":{"line":6,"column":2},"end":{"line":14,"column":3}},"4":{"start":{"line":7,"column":21},"end":{"line":8,"column":null}},"5":{"start":{"line":10,"column":4},"end":{"line":10,"column":40}},"6":{"start":{"line":12,"column":4},"end":{"line":12,"column":23}},"7":{"start":{"line":13,"column":4},"end":{"line":13,"column":50}},"8":{"start":{"line":5,"column":13},"end":{"line":5,"column":33}}},"fnMap":{"0":{"name":"(anonymous_13)","decl":{"start":{"line":5,"column":33},"end":{"line":5,"column":40}},"loc":{"start":{"line":5,"column":71},"end":{"line":15,"column":2}}},"1":{"name":"(anonymous_14)","decl":{"start":{"line":5,"column":71},"end":{"line":5,"column":null}},"loc":{"start":{"line":5,"column":71},"end":{"line":15,"column":1}}}},"branchMap":{},"s":{"0":0,"1":0,"2":0,"3":0,"4":0,"5":0,"6":0,"7":0,"8":0},"f":{"0":0,"1":0},"b":{}}
,"C:\\Users\\shevc\\Desktop\\PROJECTS\\pgsql-js-orm-demo\\express-server\\src\\controllers\\posts\\index.ts": {"path":"C:\\Users\\shevc\\Desktop\\PROJECTS\\pgsql-js-orm-demo\\express-server\\src\\controllers\\posts\\index.ts","statementMap":{"0":{"start":{"line":1,"column":0},"end":{"line":1,"column":30}},"1":{"start":{"line":3,"column":0},"end":{"line":3,"column":30}},"2":{"start":{"line":4,"column":0},"end":{"line":4,"column":37}},"3":{"start":{"line":5,"column":0},"end":{"line":5,"column":34}},"4":{"start":{"line":6,"column":0},"end":{"line":6,"column":34}},"5":{"start":{"line":7,"column":0},"end":{"line":7,"column":40}},"6":{"start":{"line":8,"column":0},"end":{"line":8,"column":36}},"7":{"start":{"line":9,"column":0},"end":{"line":9,"column":36}},"8":{"start":{"line":11,"column":0},"end":{"line":11,"column":56}},"9":{"start":{"line":12,"column":0},"end":{"line":12,"column":92}},"10":{"start":{"line":13,"column":0},"end":{"line":13,"column":90}},"11":{"start":{"line":14,"column":0},"end":{"line":14,"column":62}},"12":{"start":{"line":16,"column":20},"end":{"line":16,"column":36}},"13":{"start":{"line":44,"column":9},"end":{"line":44,"column":20}},"14":{"start":{"line":18,"column":0},"end":{"line":18,"column":27}},"15":{"start":{"line":19,"column":0},"end":{"line":19,"column":33}},"16":{"start":{"line":20,"column":0},"end":{"line":20,"column":78}},"17":{"start":{"line":21,"column":0},"end":{"line":25,"column":2}},"18":{"start":{"line":26,"column":0},"end":{"line":30,"column":2}},"19":{"start":{"line":31,"column":0},"end":{"line":35,"column":2}},"20":{"start":{"line":36,"column":0},"end":{"line":40,"column":2}},"21":{"start":{"line":42,"column":0},"end":{"line":42,"column":56}}},"fnMap":{},"branchMap":{},"s":{"0":0,"1":0,"2":0,"3":0,"4":0,"5":0,"6":0,"7":0,"8":0,"9":0,"10":0,"11":0,"12":0,"13":0,"14":0,"15":0,"16":0,"17":0,"18":0,"19":0,"20":0,"21":0},"f":{},"b":{}}
,"C:\\Users\\shevc\\Desktop\\PROJECTS\\pgsql-js-orm-demo\\express-server\\src\\controllers\\posts\\list.ts": {"path":"C:\\Users\\shevc\\Desktop\\PROJECTS\\pgsql-js-orm-demo\\express-server\\src\\controllers\\posts\\list.ts","statementMap":{"0":{"start":{"line":3,"column":0},"end":{"line":3,"column":60}},"1":{"start":{"line":5,"column":27},"end":{"line":5,"column":50}},"2":{"start":{"line":7,"column":20},"end":{"line":33,"column":2}},"3":{"start":{"line":7,"column":58},"end":{"line":33,"column":2}},"4":{"start":{"line":8,"column":2},"end":{"line":32,"column":3}},"5":{"start":{"line":9,"column":17},"end":{"line":9,"column":51}},"6":{"start":{"line":10,"column":18},"end":{"line":10,"column":53}},"7":{"start":{"line":11,"column":19},"end":{"line":11,"column":37}},"8":{"start":{"line":12,"column":20},"end":{"line":14,"column":20}},"9":{"start":{"line":16,"column":16},"end":{"line":16,"column":18}},"10":{"start":{"line":17,"column":4},"end":{"line":26,"column":5}},"11":{"start":{"line":18,"column":6},"end":{"line":23,"column":8}},"12":{"start":{"line":25,"column":6},"end":{"line":25,"column":78}},"13":{"start":{"line":28,"column":4},"end":{"line":28,"column":37}},"14":{"start":{"line":30,"column":4},"end":{"line":30,"column":23}},"15":{"start":{"line":31,"column":4},"end":{"line":31,"column":43}},"16":{"start":{"line":7,"column":13},"end":{"line":7,"column":20}}},"fnMap":{"0":{"name":"(anonymous_13)","decl":{"start":{"line":7,"column":20},"end":{"line":7,"column":27}},"loc":{"start":{"line":7,"column":58},"end":{"line":33,"column":2}}},"1":{"name":"(anonymous_14)","decl":{"start":{"line":7,"column":58},"end":{"line":7,"column":null}},"loc":{"start":{"line":7,"column":58},"end":{"line":33,"column":1}}}},"branchMap":{"0":{"loc":{"start":{"line":12,"column":20},"end":{"line":14,"column":20}},"type":"cond-expr","locations":[{"start":{"line":13,"column":9},"end":{"line":13,"column":37}},{"start":{"line":14,"column":8},"end":{"line":14,"column":20}}]},"1":{"loc":{"start":{"line":17,"column":4},"end":{"line":26,"column":5}},"type":"if","locations":[{"start":{"line":17,"column":4},"end":{"line":26,"column":5}},{"start":{"line":24,"column":11},"end":{"line":26,"column":5}}]},"2":{"loc":{"start":{"line":17,"column":8},"end":{"line":17,"column":41}},"type":"binary-expr","locations":[{"start":{"line":17,"column":8},"end":{"line":17,"column":22}},{"start":{"line":17,"column":26},"end":{"line":17,"column":41}}]}},"s":{"0":0,"1":0,"2":0,"3":0,"4":0,"5":0,"6":0,"7":0,"8":0,"9":0,"10":0,"11":0,"12":0,"13":0,"14":0,"15":0,"16":0},"f":{"0":0,"1":0},"b":{"0":[0,0],"1":[0,0],"2":[0,0]}}
,"C:\\Users\\shevc\\Desktop\\PROJECTS\\pgsql-js-orm-demo\\express-server\\src\\controllers\\posts\\unarchive.ts": {"path":"C:\\Users\\shevc\\Desktop\\PROJECTS\\pgsql-js-orm-demo\\express-server\\src\\controllers\\posts\\unarchive.ts","statementMap":{"0":{"start":{"line":2,"column":0},"end":{"line":2,"column":53}},"1":{"start":{"line":4,"column":25},"end":{"line":12,"column":2}},"2":{"start":{"line":4,"column":63},"end":{"line":12,"column":2}},"3":{"start":{"line":5,"column":2},"end":{"line":11,"column":3}},"4":{"start":{"line":6,"column":19},"end":{"line":6,"column":53}},"5":{"start":{"line":7,"column":4},"end":{"line":7,"column":38}},"6":{"start":{"line":9,"column":4},"end":{"line":9,"column":23}},"7":{"start":{"line":10,"column":4},"end":{"line":10,"column":55}},"8":{"start":{"line":4,"column":13},"end":{"line":4,"column":25}}},"fnMap":{"0":{"name":"(anonymous_7)","decl":{"start":{"line":4,"column":25},"end":{"line":4,"column":32}},"loc":{"start":{"line":4,"column":63},"end":{"line":12,"column":2}}},"1":{"name":"(anonymous_8)","decl":{"start":{"line":4,"column":63},"end":{"line":4,"column":null}},"loc":{"start":{"line":4,"column":63},"end":{"line":12,"column":1}}}},"branchMap":{},"s":{"0":0,"1":0,"2":0,"3":0,"4":0,"5":0,"6":0,"7":0,"8":0},"f":{"0":0,"1":0},"b":{}}
,"C:\\Users\\shevc\\Desktop\\PROJECTS\\pgsql-js-orm-demo\\express-server\\src\\controllers\\posts\\update.ts": {"path":"C:\\Users\\shevc\\Desktop\\PROJECTS\\pgsql-js-orm-demo\\express-server\\src\\controllers\\posts\\update.ts","statementMap":{"0":{"start":{"line":3,"column":0},"end":{"line":3,"column":50}},"1":{"start":{"line":5,"column":22},"end":{"line":13,"column":2}},"2":{"start":{"line":5,"column":60},"end":{"line":13,"column":2}},"3":{"start":{"line":6,"column":2},"end":{"line":12,"column":3}},"4":{"start":{"line":7,"column":19},"end":{"line":7,"column":60}},"5":{"start":{"line":8,"column":4},"end":{"line":8,"column":38}},"6":{"start":{"line":10,"column":4},"end":{"line":10,"column":23}},"7":{"start":{"line":11,"column":4},"end":{"line":11,"column":55}},"8":{"start":{"line":5,"column":13},"end":{"line":5,"column":22}}},"fnMap":{"0":{"name":"(anonymous_7)","decl":{"start":{"line":5,"column":22},"end":{"line":5,"column":29}},"loc":{"start":{"line":5,"column":60},"end":{"line":13,"column":2}}},"1":{"name":"(anonymous_8)","decl":{"start":{"line":5,"column":60},"end":{"line":5,"column":null}},"loc":{"start":{"line":5,"column":60},"end":{"line":13,"column":1}}}},"branchMap":{},"s":{"0":0,"1":0,"2":0,"3":0,"4":0,"5":0,"6":0,"7":0,"8":0},"f":{"0":0,"1":0},"b":{}}
,"C:\\Users\\shevc\\Desktop\\PROJECTS\\pgsql-js-orm-demo\\express-server\\src\\controllers\\users\\add-friend.ts": {"path":"C:\\Users\\shevc\\Desktop\\PROJECTS\\pgsql-js-orm-demo\\express-server\\src\\controllers\\users\\add-friend.ts","statementMap":{"0":{"start":{"line":2,"column":0},"end":{"line":2,"column":63}},"1":{"start":{"line":4,"column":25},"end":{"line":19,"column":2}},"2":{"start":{"line":4,"column":63},"end":{"line":19,"column":2}},"3":{"start":{"line":5,"column":2},"end":{"line":18,"column":3}},"4":{"start":{"line":6,"column":40},"end":{"line":6,"column":50}},"5":{"start":{"line":7,"column":4},"end":{"line":11,"column":5}},"6":{"start":{"line":8,"column":6},"end":{"line":10,"column":62}},"7":{"start":{"line":13,"column":19},"end":{"line":13,"column":69}},"8":{"start":{"line":14,"column":4},"end":{"line":14,"column":38}},"9":{"start":{"line":16,"column":4},"end":{"line":16,"column":23}},"10":{"start":{"line":17,"column":4},"end":{"line":17,"column":80}},"11":{"start":{"line":4,"column":13},"end":{"line":4,"column":25}}},"fnMap":{"0":{"name":"(anonymous_7)","decl":{"start":{"line":4,"column":25},"end":{"line":4,"column":32}},"loc":{"start":{"line":4,"column":63},"end":{"line":19,"column":2}}},"1":{"name":"(anonymous_8)","decl":{"start":{"line":4,"column":63},"end":{"line":4,"column":null}},"loc":{"start":{"line":4,"column":63},"end":{"line":19,"column":1}}}},"branchMap":{"0":{"loc":{"start":{"line":7,"column":4},"end":{"line":11,"column":5}},"type":"if","locations":[{"start":{"line":7,"column":4},"end":{"line":11,"column":5}}]},"1":{"loc":{"start":{"line":7,"column":8},"end":{"line":7,"column":35}},"type":"binary-expr","locations":[{"start":{"line":7,"column":8},"end":{"line":7,"column":20}},{"start":{"line":7,"column":24},"end":{"line":7,"column":35}}]}},"s":{"0":1,"1":1,"2":2,"3":2,"4":2,"5":2,"6":1,"7":1,"8":1,"9":0,"10":0,"11":1},"f":{"0":2,"1":2},"b":{"0":[1],"1":[2,1]}}
,"C:\\Users\\shevc\\Desktop\\PROJECTS\\pgsql-js-orm-demo\\express-server\\src\\controllers\\users\\delete-user-with-posts.ts": {"path":"C:\\Users\\shevc\\Desktop\\PROJECTS\\pgsql-js-orm-demo\\express-server\\src\\controllers\\users\\delete-user-with-posts.ts","statementMap":{"0":{"start":{"line":3,"column":0},"end":{"line":3,"column":60}},"1":{"start":{"line":5,"column":35},"end":{"line":13,"column":2}},"2":{"start":{"line":5,"column":73},"end":{"line":13,"column":2}},"3":{"start":{"line":6,"column":2},"end":{"line":12,"column":3}},"4":{"start":{"line":7,"column":17},"end":{"line":7,"column":72}},"5":{"start":{"line":8,"column":4},"end":{"line":8,"column":36}},"6":{"start":{"line":10,"column":4},"end":{"line":10,"column":23}},"7":{"start":{"line":11,"column":4},"end":{"line":11,"column":50}},"8":{"start":{"line":5,"column":13},"end":{"line":5,"column":35}}},"fnMap":{"0":{"name":"(anonymous_13)","decl":{"start":{"line":5,"column":35},"end":{"line":5,"column":42}},"loc":{"start":{"line":5,"column":73},"end":{"line":13,"column":2}}},"1":{"name":"(anonymous_14)","decl":{"start":{"line":5,"column":73},"end":{"line":5,"column":null}},"loc":{"start":{"line":5,"column":73},"end":{"line":13,"column":1}}}},"branchMap":{},"s":{"0":1,"1":1,"2":2,"3":2,"4":2,"5":2,"6":0,"7":0,"8":1},"f":{"0":2,"1":2},"b":{}}
,"C:\\Users\\shevc\\Desktop\\PROJECTS\\pgsql-js-orm-demo\\express-server\\src\\controllers\\users\\get-user-by-id.ts": {"path":"C:\\Users\\shevc\\Desktop\\PROJECTS\\pgsql-js-orm-demo\\express-server\\src\\controllers\\users\\get-user-by-id.ts","statementMap":{"0":{"start":{"line":3,"column":0},"end":{"line":3,"column":60}},"1":{"start":{"line":5,"column":27},"end":{"line":13,"column":2}},"2":{"start":{"line":5,"column":65},"end":{"line":13,"column":2}},"3":{"start":{"line":6,"column":2},"end":{"line":12,"column":3}},"4":{"start":{"line":7,"column":17},"end":{"line":7,"column":65}},"5":{"start":{"line":8,"column":4},"end":{"line":8,"column":36}},"6":{"start":{"line":10,"column":4},"end":{"line":10,"column":23}},"7":{"start":{"line":11,"column":4},"end":{"line":11,"column":50}},"8":{"start":{"line":5,"column":13},"end":{"line":5,"column":27}}},"fnMap":{"0":{"name":"(anonymous_13)","decl":{"start":{"line":5,"column":27},"end":{"line":5,"column":34}},"loc":{"start":{"line":5,"column":65},"end":{"line":13,"column":2}}},"1":{"name":"(anonymous_14)","decl":{"start":{"line":5,"column":65},"end":{"line":5,"column":null}},"loc":{"start":{"line":5,"column":65},"end":{"line":13,"column":1}}}},"branchMap":{},"s":{"0":1,"1":1,"2":2,"3":2,"4":2,"5":2,"6":0,"7":0,"8":1},"f":{"0":2,"1":2},"b":{}}
,"C:\\Users\\shevc\\Desktop\\PROJECTS\\pgsql-js-orm-demo\\express-server\\src\\controllers\\users\\get-user.ts": {"path":"C:\\Users\\shevc\\Desktop\\PROJECTS\\pgsql-js-orm-demo\\express-server\\src\\controllers\\users\\get-user.ts","statementMap":{"0":{"start":{"line":3,"column":0},"end":{"line":3,"column":60}},"1":{"start":{"line":5,"column":24},"end":{"line":13,"column":2}},"2":{"start":{"line":5,"column":62},"end":{"line":13,"column":2}},"3":{"start":{"line":6,"column":2},"end":{"line":12,"column":3}},"4":{"start":{"line":7,"column":18},"end":{"line":7,"column":50}},"5":{"start":{"line":8,"column":4},"end":{"line":8,"column":37}},"6":{"start":{"line":10,"column":4},"end":{"line":10,"column":23}},"7":{"start":{"line":11,"column":4},"end":{"line":11,"column":50}},"8":{"start":{"line":5,"column":13},"end":{"line":5,"column":24}}},"fnMap":{"0":{"name":"(anonymous_13)","decl":{"start":{"line":5,"column":24},"end":{"line":5,"column":31}},"loc":{"start":{"line":5,"column":62},"end":{"line":13,"column":2}}},"1":{"name":"(anonymous_14)","decl":{"start":{"line":5,"column":62},"end":{"line":5,"column":null}},"loc":{"start":{"line":5,"column":62},"end":{"line":13,"column":1}}}},"branchMap":{},"s":{"0":1,"1":1,"2":1,"3":1,"4":1,"5":1,"6":0,"7":0,"8":1},"f":{"0":1,"1":1},"b":{}}
,"C:\\Users\\shevc\\Desktop\\PROJECTS\\pgsql-js-orm-demo\\express-server\\src\\controllers\\users\\getUserPermission.ts": {"path":"C:\\Users\\shevc\\Desktop\\PROJECTS\\pgsql-js-orm-demo\\express-server\\src\\controllers\\users\\getUserPermission.ts","statementMap":{"0":{"start":{"line":3,"column":0},"end":{"line":3,"column":60}},"1":{"start":{"line":5,"column":33},"end":{"line":13,"column":2}},"2":{"start":{"line":5,"column":71},"end":{"line":13,"column":2}},"3":{"start":{"line":6,"column":2},"end":{"line":12,"column":3}},"4":{"start":{"line":7,"column":17},"end":{"line":7,"column":71}},"5":{"start":{"line":8,"column":4},"end":{"line":8,"column":36}},"6":{"start":{"line":10,"column":4},"end":{"line":10,"column":23}},"7":{"start":{"line":11,"column":4},"end":{"line":11,"column":50}},"8":{"start":{"line":5,"column":13},"end":{"line":5,"column":33}}},"fnMap":{"0":{"name":"(anonymous_13)","decl":{"start":{"line":5,"column":33},"end":{"line":5,"column":40}},"loc":{"start":{"line":5,"column":71},"end":{"line":13,"column":2}}},"1":{"name":"(anonymous_14)","decl":{"start":{"line":5,"column":71},"end":{"line":5,"column":null}},"loc":{"start":{"line":5,"column":71},"end":{"line":13,"column":1}}}},"branchMap":{},"s":{"0":0,"1":0,"2":0,"3":0,"4":0,"5":0,"6":0,"7":0,"8":0},"f":{"0":0,"1":0},"b":{}}
,"C:\\Users\\shevc\\Desktop\\PROJECTS\\pgsql-js-orm-demo\\express-server\\src\\controllers\\users\\index.ts": {"path":"C:\\Users\\shevc\\Desktop\\PROJECTS\\pgsql-js-orm-demo\\express-server\\src\\controllers\\users\\index.ts","statementMap":{"0":{"start":{"line":1,"column":0},"end":{"line":1,"column":30}},"1":{"start":{"line":2,"column":0},"end":{"line":2,"column":38}},"2":{"start":{"line":3,"column":0},"end":{"line":3,"column":47}},"3":{"start":{"line":4,"column":0},"end":{"line":4,"column":56}},"4":{"start":{"line":5,"column":0},"end":{"line":5,"column":39}},"5":{"start":{"line":6,"column":0},"end":{"line":6,"column":63}},"6":{"start":{"line":7,"column":0},"end":{"line":7,"column":41}},"7":{"start":{"line":9,"column":20},"end":{"line":9,"column":36}},"8":{"start":{"line":19,"column":9},"end":{"line":19,"column":20}},"9":{"start":{"line":11,"column":0},"end":{"line":11,"column":31}},"10":{"start":{"line":12,"column":0},"end":{"line":12,"column":74}},"11":{"start":{"line":12,"column":42},"end":{"line":12,"column":72}},"12":{"start":{"line":13,"column":0},"end":{"line":13,"column":37}},"13":{"start":{"line":14,"column":0},"end":{"line":14,"column":55}},"14":{"start":{"line":15,"column":0},"end":{"line":15,"column":34}},"15":{"start":{"line":16,"column":0},"end":{"line":16,"column":48}},"16":{"start":{"line":17,"column":0},"end":{"line":17,"column":57}}},"fnMap":{"0":{"name":"(anonymous_1)","decl":{"start":{"line":12,"column":28},"end":{"line":12,"column":29}},"loc":{"start":{"line":12,"column":42},"end":{"line":12,"column":72}}}},"branchMap":{},"s":{"0":0,"1":0,"2":0,"3":0,"4":0,"5":0,"6":0,"7":0,"8":0,"9":0,"10":0,"11":0,"12":0,"13":0,"14":0,"15":0,"16":0},"f":{"0":0},"b":{}}
,"C:\\Users\\shevc\\Desktop\\PROJECTS\\pgsql-js-orm-demo\\express-server\\src\\controllers\\users\\update-user.ts": {"path":"C:\\Users\\shevc\\Desktop\\PROJECTS\\pgsql-js-orm-demo\\express-server\\src\\controllers\\users\\update-user.ts","statementMap":{"0":{"start":{"line":2,"column":0},"end":{"line":2,"column":50}},"1":{"start":{"line":4,"column":22},"end":{"line":12,"column":2}},"2":{"start":{"line":4,"column":60},"end":{"line":12,"column":2}},"3":{"start":{"line":5,"column":2},"end":{"line":11,"column":3}},"4":{"start":{"line":6,"column":19},"end":{"line":6,"column":60}},"5":{"start":{"line":7,"column":4},"end":{"line":7,"column":38}},"6":{"start":{"line":9,"column":4},"end":{"line":9,"column":23}},"7":{"start":{"line":10,"column":4},"end":{"line":10,"column":55}},"8":{"start":{"line":4,"column":13},"end":{"line":4,"column":22}}},"fnMap":{"0":{"name":"(anonymous_7)","decl":{"start":{"line":4,"column":22},"end":{"line":4,"column":29}},"loc":{"start":{"line":4,"column":60},"end":{"line":12,"column":2}}},"1":{"name":"(anonymous_8)","decl":{"start":{"line":4,"column":60},"end":{"line":4,"column":null}},"loc":{"start":{"line":4,"column":60},"end":{"line":12,"column":1}}}},"branchMap":{},"s":{"0":0,"1":0,"2":0,"3":0,"4":0,"5":0,"6":0,"7":0,"8":0},"f":{"0":0,"1":0},"b":{}}
,"C:\\Users\\shevc\\Desktop\\PROJECTS\\pgsql-js-orm-demo\\express-server\\src\\middlewares\\auth.ts": {"path":"C:\\Users\\shevc\\Desktop\\PROJECTS\\pgsql-js-orm-demo\\express-server\\src\\middlewares\\auth.ts","statementMap":{"0":{"start":{"line":2,"column":0},"end":{"line":2,"column":31}},"1":{"start":{"line":4,"column":30},"end":{"line":24,"column":1}},"2":{"start":{"line":9,"column":21},"end":{"line":9,"column":49}},"3":{"start":{"line":10,"column":16},"end":{"line":10,"column":54}},"4":{"start":{"line":12,"column":2},"end":{"line":14,"column":3}},"5":{"start":{"line":13,"column":4},"end":{"line":13,"column":31}},"6":{"start":{"line":16,"column":2},"end":{"line":23,"column":5}},"7":{"start":{"line":17,"column":4},"end":{"line":19,"column":5}},"8":{"start":{"line":18,"column":6},"end":{"line":18,"column":33}},"9":{"start":{"line":21,"column":4},"end":{"line":21,"column":23}},"10":{"start":{"line":22,"column":4},"end":{"line":22,"column":11}},"11":{"start":{"line":4,"column":13},"end":{"line":4,"column":30}}},"fnMap":{"0":{"name":"(anonymous_1)","decl":{"start":{"line":4,"column":30},"end":{"line":4,"column":null}},"loc":{"start":{"line":8,"column":4},"end":{"line":24,"column":1}}},"1":{"name":"(anonymous_2)","decl":{"start":{"line":16,"column":49},"end":{"line":16,"column":50}},"loc":{"start":{"line":16,"column":68},"end":{"line":23,"column":3}}}},"branchMap":{"0":{"loc":{"start":{"line":10,"column":16},"end":{"line":10,"column":54}},"type":"binary-expr","locations":[{"start":{"line":10,"column":16},"end":{"line":10,"column":26}},{"start":{"line":10,"column":30},"end":{"line":10,"column":54}}]},"1":{"loc":{"start":{"line":12,"column":2},"end":{"line":14,"column":3}},"type":"if","locations":[{"start":{"line":12,"column":2},"end":{"line":14,"column":3}}]},"2":{"loc":{"start":{"line":17,"column":4},"end":{"line":19,"column":5}},"type":"if","locations":[{"start":{"line":17,"column":4},"end":{"line":19,"column":5}}]},"3":{"loc":{"start":{"line":17,"column":8},"end":{"line":17,"column":27}},"type":"binary-expr","locations":[{"start":{"line":17,"column":8},"end":{"line":17,"column":11}},{"start":{"line":17,"column":15},"end":{"line":17,"column":27}}]},"4":{"loc":{"start":{"line":17,"column":16},"end":{"line":17,"column":25}},"type":"cond-expr","locations":[{"start":{"line":17,"column":20},"end":{"line":17,"column":22}},{"start":{"line":17,"column":16},"end":{"line":17,"column":25}}]},"5":{"loc":{"start":{"line":17,"column":16},"end":{"line":17,"column":22}},"type":"binary-expr","locations":[{"start":{"line":17,"column":16},"end":{"line":17,"column":22}},{"start":{"line":17,"column":16},"end":{"line":17,"column":22}}]}},"s":{"0":0,"1":0,"2":0,"3":0,"4":0,"5":0,"6":0,"7":0,"8":0,"9":0,"10":0,"11":0},"f":{"0":0,"1":0},"b":{"0":[0,0],"1":[0],"2":[0],"3":[0,0],"4":[0,0],"5":[0,0]}}
,"C:\\Users\\shevc\\Desktop\\PROJECTS\\pgsql-js-orm-demo\\express-server\\src\\middlewares\\errorHandlerMiddleware .ts": {"path":"C:\\Users\\shevc\\Desktop\\PROJECTS\\pgsql-js-orm-demo\\express-server\\src\\middlewares\\errorHandlerMiddleware .ts","statementMap":{"0":{"start":{"line":2,"column":0},"end":{"line":2,"column":31}},"1":{"start":{"line":4,"column":38},"end":{"line":12,"column":1}},"2":{"start":{"line":10,"column":2},"end":{"line":10,"column":31}},"3":{"start":{"line":11,"column":2},"end":{"line":11,"column":32}},"4":{"start":{"line":4,"column":13},"end":{"line":4,"column":38}}},"fnMap":{"0":{"name":"(anonymous_1)","decl":{"start":{"line":4,"column":38},"end":{"line":4,"column":null}},"loc":{"start":{"line":9,"column":4},"end":{"line":12,"column":1}}}},"branchMap":{},"s":{"0":0,"1":0,"2":0,"3":0,"4":0},"f":{"0":0},"b":{}}
,"C:\\Users\\shevc\\Desktop\\PROJECTS\\pgsql-js-orm-demo\\express-server\\src\\middlewares\\loggingMiddleware.ts": {"path":"C:\\Users\\shevc\\Desktop\\PROJECTS\\pgsql-js-orm-demo\\express-server\\src\\middlewares\\loggingMiddleware.ts","statementMap":{"0":{"start":{"line":2,"column":0},"end":{"line":2,"column":31}},"1":{"start":{"line":4,"column":33},"end":{"line":23,"column":1}},"2":{"start":{"line":9,"column":20},"end":{"line":9,"column":40}},"3":{"start":{"line":10,"column":30},"end":{"line":10,"column":33}},"4":{"start":{"line":11,"column":20},"end":{"line":11,"column":52}},"5":{"start":{"line":13,"column":2},"end":{"line":20,"column":5}},"6":{"start":{"line":14,"column":20},"end":{"line":14,"column":40}},"7":{"start":{"line":15,"column":25},"end":{"line":15,"column":44}},"8":{"start":{"line":16,"column":27},"end":{"line":16,"column":30}},"9":{"start":{"line":17,"column":4},"end":{"line":19,"column":6}},"10":{"start":{"line":22,"column":2},"end":{"line":22,"column":9}},"11":{"start":{"line":4,"column":13},"end":{"line":4,"column":33}}},"fnMap":{"0":{"name":"(anonymous_1)","decl":{"start":{"line":4,"column":33},"end":{"line":4,"column":null}},"loc":{"start":{"line":8,"column":4},"end":{"line":23,"column":1}}},"1":{"name":"(anonymous_2)","decl":{"start":{"line":13,"column":19},"end":{"line":13,"column":22}},"loc":{"start":{"line":13,"column":24},"end":{"line":20,"column":3}}}},"branchMap":{"0":{"loc":{"start":{"line":11,"column":20},"end":{"line":11,"column":52}},"type":"binary-expr","locations":[{"start":{"line":11,"column":20},"end":{"line":11,"column":45}},{"start":{"line":11,"column":49},"end":{"line":11,"column":52}}]}},"s":{"0":0,"1":0,"2":0,"3":0,"4":0,"5":0,"6":0,"7":0,"8":0,"9":0,"10":0,"11":0},"f":{"0":0,"1":0},"b":{"0":[0,0]}}
,"C:\\Users\\shevc\\Desktop\\PROJECTS\\pgsql-js-orm-demo\\express-server\\src\\middlewares\\posts\\allowed-create-posts.ts": {"path":"C:\\Users\\shevc\\Desktop\\PROJECTS\\pgsql-js-orm-demo\\express-server\\src\\middlewares\\posts\\allowed-create-posts.ts","statementMap":{"0":{"start":{"line":2,"column":0},"end":{"line":2,"column":60}},"1":{"start":{"line":4,"column":44},"end":{"line":23,"column":2}},"2":{"start":{"line":8,"column":4},"end":{"line":23,"column":2}},"3":{"start":{"line":9,"column":30},"end":{"line":9,"column":78}},"4":{"start":{"line":11,"column":2},"end":{"line":20,"column":3}},"5":{"start":{"line":14,"column":8},"end":{"line":16,"column":35}},"6":{"start":{"line":19,"column":4},"end":{"line":19,"column":31}},"7":{"start":{"line":22,"column":2},"end":{"line":22,"column":9}},"8":{"start":{"line":4,"column":13},"end":{"line":4,"column":44}}},"fnMap":{"0":{"name":"(anonymous_13)","decl":{"start":{"line":4,"column":44},"end":{"line":4,"column":null}},"loc":{"start":{"line":8,"column":4},"end":{"line":23,"column":2}}},"1":{"name":"(anonymous_14)","decl":{"start":{"line":8,"column":4},"end":{"line":8,"column":null}},"loc":{"start":{"line":8,"column":4},"end":{"line":23,"column":1}}},"2":{"name":"(anonymous_15)","decl":{"start":{"line":13,"column":6},"end":{"line":13,"column":7}},"loc":{"start":{"line":14,"column":8},"end":{"line":16,"column":35}}}},"branchMap":{"0":{"loc":{"start":{"line":11,"column":2},"end":{"line":20,"column":3}},"type":"if","locations":[{"start":{"line":11,"column":2},"end":{"line":20,"column":3}}]},"1":{"loc":{"start":{"line":12,"column":5},"end":{"line":16,"column":null}},"type":"cond-expr","locations":[{"start":{"line":12,"column":24},"end":{"line":12,"column":26}},{"start":{"line":12,"column":5},"end":{"line":16,"column":null}}]},"2":{"loc":{"start":{"line":12,"column":5},"end":{"line":12,"column":26}},"type":"binary-expr","locations":[{"start":{"line":12,"column":5},"end":{"line":12,"column":26}},{"start":{"line":12,"column":5},"end":{"line":12,"column":26}}]},"3":{"loc":{"start":{"line":14,"column":8},"end":{"line":16,"column":35}},"type":"binary-expr","locations":[{"start":{"line":14,"column":8},"end":{"line":14,"column":41}},{"start":{"line":15,"column":8},"end":{"line":15,"column":29}},{"start":{"line":16,"column":8},"end":{"line":16,"column":35}}]}},"s":{"0":0,"1":0,"2":0,"3":0,"4":0,"5":0,"6":0,"7":0,"8":0},"f":{"0":0,"1":0,"2":0},"b":{"0":[0],"1":[0,0],"2":[0,0],"3":[0,0,0]}}
,"C:\\Users\\shevc\\Desktop\\PROJECTS\\pgsql-js-orm-demo\\express-server\\src\\middlewares\\posts\\allowed-update-post.ts": {"path":"C:\\Users\\shevc\\Desktop\\PROJECTS\\pgsql-js-orm-demo\\express-server\\src\\middlewares\\posts\\allowed-update-post.ts","statementMap":{"0":{"start":{"line":2,"column":0},"end":{"line":2,"column":60}},"1":{"start":{"line":3,"column":0},"end":{"line":3,"column":60}},"2":{"start":{"line":5,"column":43},"end":{"line":24,"column":2}},"3":{"start":{"line":9,"column":4},"end":{"line":24,"column":2}},"4":{"start":{"line":10,"column":15},"end":{"line":10,"column":59}},"5":{"start":{"line":12,"column":30},"end":{"line":12,"column":78}},"6":{"start":{"line":14,"column":2},"end":{"line":21,"column":3}},"7":{"start":{"line":17,"column":21},"end":{"line":17,"column":75}},"8":{"start":{"line":20,"column":4},"end":{"line":20,"column":31}},"9":{"start":{"line":23,"column":2},"end":{"line":23,"column":9}},"10":{"start":{"line":5,"column":13},"end":{"line":5,"column":43}}},"fnMap":{"0":{"name":"(anonymous_13)","decl":{"start":{"line":5,"column":43},"end":{"line":5,"column":null}},"loc":{"start":{"line":9,"column":4},"end":{"line":24,"column":2}}},"1":{"name":"(anonymous_14)","decl":{"start":{"line":9,"column":4},"end":{"line":9,"column":null}},"loc":{"start":{"line":9,"column":4},"end":{"line":24,"column":1}}},"2":{"name":"(anonymous_15)","decl":{"start":{"line":17,"column":6},"end":{"line":17,"column":7}},"loc":{"start":{"line":17,"column":21},"end":{"line":17,"column":75}}}},"branchMap":{"0":{"loc":{"start":{"line":14,"column":2},"end":{"line":21,"column":3}},"type":"if","locations":[{"start":{"line":14,"column":2},"end":{"line":21,"column":3}}]},"1":{"loc":{"start":{"line":15,"column":4},"end":{"line":18,"column":null}},"type":"binary-expr","locations":[{"start":{"line":15,"column":4},"end":{"line":15,"column":29}},{"start":{"line":16,"column":4},"end":{"line":18,"column":null}}]},"2":{"loc":{"start":{"line":15,"column":4},"end":{"line":15,"column":17}},"type":"cond-expr","locations":[{"start":{"line":15,"column":8},"end":{"line":15,"column":10}},{"start":{"line":15,"column":4},"end":{"line":15,"column":17}}]},"3":{"loc":{"start":{"line":15,"column":4},"end":{"line":15,"column":10}},"type":"binary-expr","locations":[{"start":{"line":15,"column":4},"end":{"line":15,"column":10}},{"start":{"line":15,"column":4},"end":{"line":15,"column":10}}]},"4":{"loc":{"start":{"line":16,"column":5},"end":{"line":17,"column":null}},"type":"cond-expr","locations":[{"start":{"line":16,"column":24},"end":{"line":16,"column":26}},{"start":{"line":16,"column":5},"end":{"line":17,"column":null}}]},"5":{"loc":{"start":{"line":16,"column":5},"end":{"line":16,"column":26}},"type":"binary-expr","locations":[{"start":{"line":16,"column":5},"end":{"line":16,"column":26}},{"start":{"line":16,"column":5},"end":{"line":16,"column":26}}]},"6":{"loc":{"start":{"line":17,"column":21},"end":{"line":17,"column":75}},"type":"binary-expr","locations":[{"start":{"line":17,"column":21},"end":{"line":17,"column":43}},{"start":{"line":17,"column":47},"end":{"line":17,"column":75}}]}},"s":{"0":0,"1":0,"2":0,"3":0,"4":0,"5":0,"6":0,"7":0,"8":0,"9":0,"10":0},"f":{"0":0,"1":0,"2":0},"b":{"0":[0],"1":[0,0],"2":[0,0],"3":[0,0],"4":[0,0],"5":[0,0],"6":[0,0]}}
,"C:\\Users\\shevc\\Desktop\\PROJECTS\\pgsql-js-orm-demo\\express-server\\src\\repositories\\comments.ts": {"path":"C:\\Users\\shevc\\Desktop\\PROJECTS\\pgsql-js-orm-demo\\express-server\\src\\repositories\\comments.ts","statementMap":{"0":{"start":{"line":1,"column":0},"end":{"line":1,"column":38}},"1":{"start":{"line":3,"column":27},"end":{"line":11,"column":2}},"2":{"start":{"line":3,"column":38},"end":{"line":11,"column":2}},"3":{"start":{"line":4,"column":2},"end":{"line":10,"column":3}},"4":{"start":{"line":5,"column":21},"end":{"line":5,"column":53}},"5":{"start":{"line":6,"column":4},"end":{"line":6,"column":20}},"6":{"start":{"line":8,"column":4},"end":{"line":8,"column":25}},"7":{"start":{"line":9,"column":4},"end":{"line":9,"column":16}},"8":{"start":{"line":3,"column":13},"end":{"line":3,"column":27}}},"fnMap":{"0":{"name":"(anonymous_8)","decl":{"start":{"line":3,"column":27},"end":{"line":3,"column":36}},"loc":{"start":{"line":3,"column":38},"end":{"line":11,"column":2}}},"1":{"name":"(anonymous_9)","decl":{"start":{"line":3,"column":38},"end":{"line":3,"column":null}},"loc":{"start":{"line":3,"column":38},"end":{"line":11,"column":1}}}},"branchMap":{},"s":{"0":0,"1":0,"2":0,"3":0,"4":0,"5":0,"6":0,"7":0,"8":0},"f":{"0":0,"1":0},"b":{}}
,"C:\\Users\\shevc\\Desktop\\PROJECTS\\pgsql-js-orm-demo\\express-server\\src\\repositories\\posts.ts": {"path":"C:\\Users\\shevc\\Desktop\\PROJECTS\\pgsql-js-orm-demo\\express-server\\src\\repositories\\posts.ts","statementMap":{"0":{"start":{"line":1,"column":0},"end":{"line":1,"column":38}},"1":{"start":{"line":4,"column":20},"end":{"line":36,"column":2}},"2":{"start":{"line":4,"column":63},"end":{"line":36,"column":2}},"3":{"start":{"line":5,"column":23},"end":{"line":5,"column":45}},"4":{"start":{"line":6,"column":2},"end":{"line":35,"column":3}},"5":{"start":{"line":7,"column":20},"end":{"line":29,"column":6}},"6":{"start":{"line":31,"column":4},"end":{"line":31,"column":19}},"7":{"start":{"line":33,"column":4},"end":{"line":33,"column":23}},"8":{"start":{"line":34,"column":4},"end":{"line":34,"column":14}},"9":{"start":{"line":4,"column":13},"end":{"line":4,"column":20}},"10":{"start":{"line":38,"column":24},"end":{"line":77,"column":2}},"11":{"start":{"line":43,"column":4},"end":{"line":77,"column":2}},"12":{"start":{"line":44,"column":23},"end":{"line":44,"column":45}},"13":{"start":{"line":45,"column":2},"end":{"line":76,"column":3}},"14":{"start":{"line":46,"column":18},"end":{"line":70,"column":6}},"15":{"start":{"line":72,"column":4},"end":{"line":72,"column":17}},"16":{"start":{"line":74,"column":4},"end":{"line":74,"column":23}},"17":{"start":{"line":75,"column":4},"end":{"line":75,"column":14}},"18":{"start":{"line":38,"column":13},"end":{"line":38,"column":24}},"19":{"start":{"line":79,"column":23},"end":{"line":91,"column":2}},"20":{"start":{"line":79,"column":44},"end":{"line":91,"column":2}},"21":{"start":{"line":80,"column":2},"end":{"line":90,"column":3}},"22":{"start":{"line":81,"column":19},"end":{"line":85,"column":6}},"23":{"start":{"line":87,"column":4},"end":{"line":87,"column":18}},"24":{"start":{"line":89,"column":4},"end":{"line":89,"column":29}},"25":{"start":{"line":79,"column":13},"end":{"line":79,"column":23}},"26":{"start":{"line":93,"column":22},"end":{"line":112,"column":2}},"27":{"start":{"line":97,"column":4},"end":{"line":112,"column":2}},"28":{"start":{"line":98,"column":2},"end":{"line":111,"column":3}},"29":{"start":{"line":99,"column":23},"end":{"line":105,"column":6}},"30":{"start":{"line":107,"column":4},"end":{"line":107,"column":22}},"31":{"start":{"line":109,"column":4},"end":{"line":109,"column":25}},"32":{"start":{"line":110,"column":4},"end":{"line":110,"column":16}},"33":{"start":{"line":93,"column":13},"end":{"line":93,"column":22}},"34":{"start":{"line":114,"column":22},"end":{"line":126,"column":2}},"35":{"start":{"line":114,"column":67},"end":{"line":126,"column":2}},"36":{"start":{"line":115,"column":2},"end":{"line":125,"column":3}},"37":{"start":{"line":116,"column":24},"end":{"line":119,"column":6}},"38":{"start":{"line":121,"column":4},"end":{"line":121,"column":23}},"39":{"start":{"line":123,"column":4},"end":{"line":123,"column":25}},"40":{"start":{"line":124,"column":4},"end":{"line":124,"column":16}},"41":{"start":{"line":114,"column":13},"end":{"line":114,"column":22}},"42":{"start":{"line":128,"column":23},"end":{"line":139,"column":2}},"43":{"start":{"line":128,"column":44},"end":{"line":139,"column":2}},"44":{"start":{"line":129,"column":2},"end":{"line":138,"column":3}},"45":{"start":{"line":130,"column":24},"end":{"line":132,"column":6}},"46":{"start":{"line":134,"column":4},"end":{"line":134,"column":23}},"47":{"start":{"line":136,"column":4},"end":{"line":136,"column":25}},"48":{"start":{"line":137,"column":4},"end":{"line":137,"column":16}},"49":{"start":{"line":128,"column":13},"end":{"line":128,"column":23}},"50":{"start":{"line":141,"column":35},"end":{"line":154,"column":2}},"51":{"start":{"line":141,"column":60},"end":{"line":154,"column":2}},"52":{"start":{"line":142,"column":2},"end":{"line":153,"column":3}},"53":{"start":{"line":143,"column":21},"end":{"line":147,"column":6}},"54":{"start":{"line":149,"column":4},"end":{"line":149,"column":20}},"55":{"start":{"line":151,"column":4},"end":{"line":151,"column":25}},"56":{"start":{"line":152,"column":4},"end":{"line":152,"column":16}},"57":{"start":{"line":141,"column":13},"end":{"line":141,"column":35}}},"fnMap":{"0":{"name":"(anonymous_8)","decl":{"start":{"line":4,"column":20},"end":{"line":4,"column":27}},"loc":{"start":{"line":4,"column":63},"end":{"line":36,"column":2}}},"1":{"name":"(anonymous_9)","decl":{"start":{"line":4,"column":63},"end":{"line":4,"column":null}},"loc":{"start":{"line":4,"column":63},"end":{"line":36,"column":1}}},"2":{"name":"(anonymous_10)","decl":{"start":{"line":38,"column":24},"end":{"line":38,"column":null}},"loc":{"start":{"line":43,"column":4},"end":{"line":77,"column":2}}},"3":{"name":"(anonymous_11)","decl":{"start":{"line":43,"column":4},"end":{"line":43,"column":null}},"loc":{"start":{"line":43,"column":4},"end":{"line":77,"column":1}}},"4":{"name":"(anonymous_12)","decl":{"start":{"line":79,"column":23},"end":{"line":79,"column":30}},"loc":{"start":{"line":79,"column":44},"end":{"line":91,"column":2}}},"5":{"name":"(anonymous_13)","decl":{"start":{"line":79,"column":44},"end":{"line":79,"column":null}},"loc":{"start":{"line":79,"column":44},"end":{"line":91,"column":1}}},"6":{"name":"(anonymous_14)","decl":{"start":{"line":93,"column":22},"end":{"line":93,"column":null}},"loc":{"start":{"line":97,"column":4},"end":{"line":112,"column":2}}},"7":{"name":"(anonymous_15)","decl":{"start":{"line":97,"column":4},"end":{"line":97,"column":null}},"loc":{"start":{"line":97,"column":4},"end":{"line":112,"column":1}}},"8":{"name":"(anonymous_16)","decl":{"start":{"line":114,"column":22},"end":{"line":114,"column":29}},"loc":{"start":{"line":114,"column":67},"end":{"line":126,"column":2}}},"9":{"name":"(anonymous_17)","decl":{"start":{"line":114,"column":67},"end":{"line":114,"column":null}},"loc":{"start":{"line":114,"column":67},"end":{"line":126,"column":1}}},"10":{"name":"(anonymous_18)","decl":{"start":{"line":128,"column":23},"end":{"line":128,"column":30}},"loc":{"start":{"line":128,"column":44},"end":{"line":139,"column":2}}},"11":{"name":"(anonymous_19)","decl":{"start":{"line":128,"column":44},"end":{"line":128,"column":null}},"loc":{"start":{"line":128,"column":44},"end":{"line":139,"column":1}}},"12":{"name":"(anonymous_20)","decl":{"start":{"line":141,"column":35},"end":{"line":141,"column":42}},"loc":{"start":{"line":141,"column":60},"end":{"line":154,"column":2}}},"13":{"name":"(anonymous_21)","decl":{"start":{"line":141,"column":60},"end":{"line":141,"column":null}},"loc":{"start":{"line":141,"column":60},"end":{"line":154,"column":1}}}},"branchMap":{"0":{"loc":{"start":{"line":5,"column":23},"end":{"line":5,"column":45}},"type":"binary-expr","locations":[{"start":{"line":5,"column":23},"end":{"line":5,"column":30}},{"start":{"line":5,"column":34},"end":{"line":5,"column":45}}]},"1":{"loc":{"start":{"line":8,"column":13},"end":{"line":25,"column":12}},"type":"cond-expr","locations":[{"start":{"line":9,"column":10},"end":{"line":24,"column":null}},{"start":{"line":25,"column":10},"end":{"line":25,"column":12}}]},"2":{"loc":{"start":{"line":44,"column":23},"end":{"line":44,"column":45}},"type":"binary-expr","locations":[{"start":{"line":44,"column":23},"end":{"line":44,"column":30}},{"start":{"line":44,"column":34},"end":{"line":44,"column":45}}]},"3":{"loc":{"start":{"line":47,"column":13},"end":{"line":64,"column":12}},"type":"cond-expr","locations":[{"start":{"line":48,"column":10},"end":{"line":63,"column":null}},{"start":{"line":64,"column":10},"end":{"line":64,"column":12}}]}},"s":{"0":1,"1":1,"2":0,"3":0,"4":0,"5":0,"6":0,"7":0,"8":0,"9":1,"10":1,"11":0,"12":0,"13":0,"14":0,"15":0,"16":0,"17":0,"18":1,"19":1,"20":0,"21":0,"22":0,"23":0,"24":0,"25":1,"26":1,"27":0,"28":0,"29":0,"30":0,"31":0,"32":0,"33":1,"34":1,"35":0,"36":0,"37":0,"38":0,"39":0,"40":0,"41":1,"42":1,"43":0,"44":0,"45":0,"46":0,"47":0,"48":0,"49":1,"50":1,"51":0,"52":0,"53":0,"54":0,"55":0,"56":0,"57":1},"f":{"0":0,"1":0,"2":0,"3":0,"4":0,"5":0,"6":0,"7":0,"8":0,"9":0,"10":0,"11":0,"12":0,"13":0},"b":{"0":[0,0],"1":[0,0],"2":[0,0],"3":[0,0]}}
,"C:\\Users\\shevc\\Desktop\\PROJECTS\\pgsql-js-orm-demo\\express-server\\src\\repositories\\users.ts": {"path":"C:\\Users\\shevc\\Desktop\\PROJECTS\\pgsql-js-orm-demo\\express-server\\src\\repositories\\users.ts","statementMap":{"0":{"start":{"line":1,"column":0},"end":{"line":1,"column":42}},"1":{"start":{"line":2,"column":0},"end":{"line":2,"column":38}},"2":{"start":{"line":4,"column":24},"end":{"line":12,"column":2}},"3":{"start":{"line":4,"column":35},"end":{"line":12,"column":2}},"4":{"start":{"line":5,"column":2},"end":{"line":11,"column":3}},"5":{"start":{"line":6,"column":18},"end":{"line":6,"column":47}},"6":{"start":{"line":7,"column":4},"end":{"line":7,"column":17}},"7":{"start":{"line":9,"column":4},"end":{"line":9,"column":25}},"8":{"start":{"line":10,"column":4},"end":{"line":10,"column":16}},"9":{"start":{"line":4,"column":13},"end":{"line":4,"column":24}},"10":{"start":{"line":14,"column":27},"end":{"line":27,"column":2}},"11":{"start":{"line":14,"column":48},"end":{"line":27,"column":2}},"12":{"start":{"line":15,"column":2},"end":{"line":26,"column":3}},"13":{"start":{"line":16,"column":19},"end":{"line":20,"column":6}},"14":{"start":{"line":22,"column":4},"end":{"line":22,"column":18}},"15":{"start":{"line":24,"column":4},"end":{"line":24,"column":25}},"16":{"start":{"line":25,"column":4},"end":{"line":25,"column":16}},"17":{"start":{"line":14,"column":13},"end":{"line":14,"column":27}},"18":{"start":{"line":29,"column":26},"end":{"line":41,"column":2}},"19":{"start":{"line":29,"column":59},"end":{"line":41,"column":2}},"20":{"start":{"line":30,"column":2},"end":{"line":40,"column":3}},"21":{"start":{"line":31,"column":23},"end":{"line":34,"column":6}},"22":{"start":{"line":36,"column":4},"end":{"line":36,"column":22}},"23":{"start":{"line":38,"column":4},"end":{"line":38,"column":25}},"24":{"start":{"line":39,"column":4},"end":{"line":39,"column":16}},"25":{"start":{"line":29,"column":13},"end":{"line":29,"column":26}},"26":{"start":{"line":43,"column":33},"end":{"line":68,"column":2}},"27":{"start":{"line":43,"column":54},"end":{"line":68,"column":2}},"28":{"start":{"line":44,"column":2},"end":{"line":67,"column":3}},"29":{"start":{"line":45,"column":17},"end":{"line":62,"column":6}},"30":{"start":{"line":63,"column":4},"end":{"line":63,"column":28}},"31":{"start":{"line":65,"column":4},"end":{"line":65,"column":23}},"32":{"start":{"line":66,"column":4},"end":{"line":66,"column":16}},"33":{"start":{"line":43,"column":13},"end":{"line":43,"column":33}},"34":{"start":{"line":70,"column":34},"end":{"line":95,"column":2}},"35":{"start":{"line":70,"column":55},"end":{"line":95,"column":2}},"36":{"start":{"line":71,"column":2},"end":{"line":73,"column":3}},"37":{"start":{"line":72,"column":4},"end":{"line":72,"column":43}},"38":{"start":{"line":75,"column":2},"end":{"line":94,"column":3}},"39":{"start":{"line":76,"column":4},"end":{"line":88,"column":7}},"40":{"start":{"line":76,"column":47},"end":{"line":88,"column":6}},"41":{"start":{"line":77,"column":6},"end":{"line":81,"column":9}},"42":{"start":{"line":83,"column":6},"end":{"line":87,"column":9}},"43":{"start":{"line":90,"column":4},"end":{"line":90,"column":21}},"44":{"start":{"line":92,"column":4},"end":{"line":92,"column":34}},"45":{"start":{"line":93,"column":4},"end":{"line":93,"column":16}},"46":{"start":{"line":70,"column":13},"end":{"line":70,"column":34}},"47":{"start":{"line":97,"column":35},"end":{"line":113,"column":2}},"48":{"start":{"line":100,"column":4},"end":{"line":113,"column":2}},"49":{"start":{"line":101,"column":2},"end":{"line":112,"column":3}},"50":{"start":{"line":102,"column":26},"end":{"line":107,"column":6}},"51":{"start":{"line":108,"column":4},"end":{"line":108,"column":25}},"52":{"start":{"line":110,"column":4},"end":{"line":110,"column":59}},"53":{"start":{"line":111,"column":4},"end":{"line":111,"column":16}},"54":{"start":{"line":97,"column":13},"end":{"line":97,"column":35}}},"fnMap":{"0":{"name":"(anonymous_8)","decl":{"start":{"line":4,"column":24},"end":{"line":4,"column":33}},"loc":{"start":{"line":4,"column":35},"end":{"line":12,"column":2}}},"1":{"name":"(anonymous_9)","decl":{"start":{"line":4,"column":35},"end":{"line":4,"column":null}},"loc":{"start":{"line":4,"column":35},"end":{"line":12,"column":1}}},"2":{"name":"(anonymous_10)","decl":{"start":{"line":14,"column":27},"end":{"line":14,"column":34}},"loc":{"start":{"line":14,"column":48},"end":{"line":27,"column":2}}},"3":{"name":"(anonymous_11)","decl":{"start":{"line":14,"column":48},"end":{"line":14,"column":null}},"loc":{"start":{"line":14,"column":48},"end":{"line":27,"column":1}}},"4":{"name":"(anonymous_12)","decl":{"start":{"line":29,"column":26},"end":{"line":29,"column":33}},"loc":{"start":{"line":29,"column":59},"end":{"line":41,"column":2}}},"5":{"name":"(anonymous_13)","decl":{"start":{"line":29,"column":59},"end":{"line":29,"column":null}},"loc":{"start":{"line":29,"column":59},"end":{"line":41,"column":1}}},"6":{"name":"(anonymous_14)","decl":{"start":{"line":43,"column":33},"end":{"line":43,"column":40}},"loc":{"start":{"line":43,"column":54},"end":{"line":68,"column":2}}},"7":{"name":"(anonymous_15)","decl":{"start":{"line":43,"column":54},"end":{"line":43,"column":null}},"loc":{"start":{"line":43,"column":54},"end":{"line":68,"column":1}}},"8":{"name":"(anonymous_16)","decl":{"start":{"line":70,"column":34},"end":{"line":70,"column":41}},"loc":{"start":{"line":70,"column":55},"end":{"line":95,"column":2}}},"9":{"name":"(anonymous_17)","decl":{"start":{"line":70,"column":55},"end":{"line":70,"column":null}},"loc":{"start":{"line":70,"column":55},"end":{"line":95,"column":1}}},"10":{"name":"(anonymous_18)","decl":{"start":{"line":76,"column":30},"end":{"line":76,"column":37}},"loc":{"start":{"line":76,"column":47},"end":{"line":88,"column":6}}},"11":{"name":"(anonymous_19)","decl":{"start":{"line":76,"column":47},"end":{"line":76,"column":null}},"loc":{"start":{"line":76,"column":47},"end":{"line":88,"column":5}}},"12":{"name":"(anonymous_20)","decl":{"start":{"line":97,"column":35},"end":{"line":97,"column":null}},"loc":{"start":{"line":100,"column":4},"end":{"line":113,"column":2}}},"13":{"name":"(anonymous_21)","decl":{"start":{"line":100,"column":4},"end":{"line":100,"column":null}},"loc":{"start":{"line":100,"column":4},"end":{"line":113,"column":1}}}},"branchMap":{"0":{"loc":{"start":{"line":71,"column":2},"end":{"line":73,"column":3}},"type":"if","locations":[{"start":{"line":71,"column":2},"end":{"line":73,"column":3}}]}},"s":{"0":5,"1":5,"2":5,"3":0,"4":0,"5":0,"6":0,"7":0,"8":0,"9":5,"10":5,"11":0,"12":0,"13":0,"14":0,"15":0,"16":0,"17":5,"18":5,"19":0,"20":0,"21":0,"22":0,"23":0,"24":0,"25":5,"26":5,"27":0,"28":0,"29":0,"30":0,"31":0,"32":0,"33":5,"34":5,"35":0,"36":0,"37":0,"38":0,"39":0,"40":0,"41":0,"42":0,"43":0,"44":0,"45":0,"46":5,"47":5,"48":0,"49":0,"50":0,"51":0,"52":0,"53":0,"54":5},"f":{"0":0,"1":0,"2":0,"3":0,"4":0,"5":0,"6":0,"7":0,"8":0,"9":0,"10":0,"11":0,"12":0,"13":0},"b":{"0":[0]}}
,"C:\\Users\\shevc\\Desktop\\PROJECTS\\pgsql-js-orm-demo\\express-server\\src\\services\\posts.ts": {"path":"C:\\Users\\shevc\\Desktop\\PROJECTS\\pgsql-js-orm-demo\\express-server\\src\\services\\posts.ts","statementMap":{"0":{"start":{"line":1,"column":0},"end":{"line":1,"column":57}},"1":{"start":{"line":5,"column":26},"end":{"line":11,"column":2}},"2":{"start":{"line":9,"column":4},"end":{"line":11,"column":2}},"3":{"start":{"line":10,"column":2},"end":{"line":10,"column":62}},"4":{"start":{"line":5,"column":13},"end":{"line":5,"column":26}},"5":{"start":{"line":13,"column":26},"end":{"line":19,"column":2}},"6":{"start":{"line":13,"column":71},"end":{"line":19,"column":2}},"7":{"start":{"line":14,"column":2},"end":{"line":16,"column":3}},"8":{"start":{"line":15,"column":4},"end":{"line":15,"column":55}},"9":{"start":{"line":18,"column":2},"end":{"line":18,"column":49}},"10":{"start":{"line":13,"column":13},"end":{"line":13,"column":26}},"11":{"start":{"line":21,"column":27},"end":{"line":25,"column":2}},"12":{"start":{"line":21,"column":48},"end":{"line":25,"column":2}},"13":{"start":{"line":22,"column":2},"end":{"line":24,"column":5}},"14":{"start":{"line":21,"column":13},"end":{"line":21,"column":27}},"15":{"start":{"line":27,"column":29},"end":{"line":31,"column":2}},"16":{"start":{"line":27,"column":50},"end":{"line":31,"column":2}},"17":{"start":{"line":28,"column":2},"end":{"line":30,"column":5}},"18":{"start":{"line":27,"column":13},"end":{"line":27,"column":29}},"19":{"start":{"line":33,"column":27},"end":{"line":35,"column":2}},"20":{"start":{"line":33,"column":48},"end":{"line":35,"column":2}},"21":{"start":{"line":34,"column":2},"end":{"line":34,"column":43}},"22":{"start":{"line":33,"column":13},"end":{"line":33,"column":27}}},"fnMap":{"0":{"name":"(anonymous_13)","decl":{"start":{"line":5,"column":26},"end":{"line":5,"column":null}},"loc":{"start":{"line":9,"column":4},"end":{"line":11,"column":2}}},"1":{"name":"(anonymous_14)","decl":{"start":{"line":9,"column":4},"end":{"line":9,"column":null}},"loc":{"start":{"line":9,"column":4},"end":{"line":11,"column":1}}},"2":{"name":"(anonymous_15)","decl":{"start":{"line":13,"column":26},"end":{"line":13,"column":33}},"loc":{"start":{"line":13,"column":71},"end":{"line":19,"column":2}}},"3":{"name":"(anonymous_16)","decl":{"start":{"line":13,"column":71},"end":{"line":13,"column":null}},"loc":{"start":{"line":13,"column":71},"end":{"line":19,"column":1}}},"4":{"name":"(anonymous_17)","decl":{"start":{"line":21,"column":27},"end":{"line":21,"column":34}},"loc":{"start":{"line":21,"column":48},"end":{"line":25,"column":2}}},"5":{"name":"(anonymous_18)","decl":{"start":{"line":21,"column":48},"end":{"line":21,"column":null}},"loc":{"start":{"line":21,"column":48},"end":{"line":25,"column":1}}},"6":{"name":"(anonymous_19)","decl":{"start":{"line":27,"column":29},"end":{"line":27,"column":36}},"loc":{"start":{"line":27,"column":50},"end":{"line":31,"column":2}}},"7":{"name":"(anonymous_20)","decl":{"start":{"line":27,"column":50},"end":{"line":27,"column":null}},"loc":{"start":{"line":27,"column":50},"end":{"line":31,"column":1}}},"8":{"name":"(anonymous_21)","decl":{"start":{"line":33,"column":27},"end":{"line":33,"column":34}},"loc":{"start":{"line":33,"column":48},"end":{"line":35,"column":2}}},"9":{"name":"(anonymous_22)","decl":{"start":{"line":33,"column":48},"end":{"line":33,"column":null}},"loc":{"start":{"line":33,"column":48},"end":{"line":35,"column":1}}}},"branchMap":{"0":{"loc":{"start":{"line":14,"column":2},"end":{"line":16,"column":3}},"type":"if","locations":[{"start":{"line":14,"column":2},"end":{"line":16,"column":3}}]}},"s":{"0":1,"1":1,"2":1,"3":1,"4":1,"5":1,"6":4,"7":4,"8":1,"9":3,"10":1,"11":1,"12":0,"13":0,"14":1,"15":1,"16":0,"17":0,"18":1,"19":1,"20":1,"21":1,"22":1},"f":{"0":1,"1":1,"2":4,"3":4,"4":0,"5":0,"6":0,"7":0,"8":1,"9":1},"b":{"0":[1]}}
,"C:\\Users\\shevc\\Desktop\\PROJECTS\\pgsql-js-orm-demo\\express-server\\src\\services\\users.ts": {"path":"C:\\Users\\shevc\\Desktop\\PROJECTS\\pgsql-js-orm-demo\\express-server\\src\\services\\users.ts","statementMap":{"0":{"start":{"line":1,"column":0},"end":{"line":1,"column":57}},"1":{"start":{"line":3,"column":26},"end":{"line":9,"column":2}},"2":{"start":{"line":3,"column":59},"end":{"line":9,"column":2}},"3":{"start":{"line":4,"column":2},"end":{"line":6,"column":3}},"4":{"start":{"line":5,"column":4},"end":{"line":5,"column":55}},"5":{"start":{"line":8,"column":2},"end":{"line":8,"column":53}},"6":{"start":{"line":3,"column":13},"end":{"line":3,"column":26}}},"fnMap":{"0":{"name":"(anonymous_13)","decl":{"start":{"line":3,"column":26},"end":{"line":3,"column":33}},"loc":{"start":{"line":3,"column":59},"end":{"line":9,"column":2}}},"1":{"name":"(anonymous_14)","decl":{"start":{"line":3,"column":59},"end":{"line":3,"column":null}},"loc":{"start":{"line":3,"column":59},"end":{"line":9,"column":1}}}},"branchMap":{"0":{"loc":{"start":{"line":4,"column":2},"end":{"line":6,"column":3}},"type":"if","locations":[{"start":{"line":4,"column":2},"end":{"line":6,"column":3}}]}},"s":{"0":1,"1":1,"2":2,"3":2,"4":1,"5":1,"6":1},"f":{"0":2,"1":2},"b":{"0":[1]}}
}
